日志:降价报警,标题为：小米Redmi红米Note11TPro 5G手机天玑8100 144HzLCD旗舰直屏 67W充电 子夜黑 8+256G 官方标配【图片 价格 品牌 报价】-京东,原价为：2199.0, 最新价格为：2199.0
日志:降价报警,标题为：小米Redmi红米Note11TPro 5G手机天玑8100 144HzLCD旗舰直屏 67W充电 子夜黑 8+256G 官方标配【图片 价格 品牌 报价】-京东,原价为：2199.0, 最新价格为：2199.0
日志:降价报警,标题为：小米Redmi红米Note11TPro 5G手机天玑8100 144HzLCD旗舰直屏 67W充电 子夜黑 8+256G 官方标配【图片 价格 品牌 报价】-京东,原价为：2199.0, 最新价格为：2199.0
日志:降价报警,标题为：小米Redmi红米Note11TPro 5G手机天玑8100 144HzLCD旗舰直屏 67W充电 子夜黑 8+256G 官方标配【图片 价格 品牌 报价】-京东,原价为：2199.0, 最新价格为：2199.0
日志:降价报警,标题为：小米Redmi红米Note11TPro 5G手机天玑8100 144HzLCD旗舰直屏 67W充电 子夜黑 8+256G 官方标配【图片 价格 品牌 报价】-京东,原价为：2199.0, 最新价格为：2199.0
日志:降价报警,标题为：小米Redmi红米Note11TPro 5G手机天玑8100 144HzLCD旗舰直屏 67W充电 子夜黑 8+256G 官方标配【图片 价格 品牌 报价】-京东,原价为：2199.0, 最新价格为：2199.0
日志:降价报警,标题为：小米Redmi红米Note11TPro 5G手机天玑8100 144HzLCD旗舰直屏 67W充电 子夜黑 8+256G 官方标配【图片 价格 品牌 报价】-京东,原价为：2199.0, 最新价格为：2199.0
日志:降价报警,标题为：小米Redmi红米Note11TPro 5G手机天玑8100 144HzLCD旗舰直屏 67W充电 子夜黑 8+256G 官方标配【图片 价格 品牌 报价】-京东,原价为：2199.0, 最新价格为：2199.0
日志:None
日志:None
日志:时间：2022-08-02 17:07:04,标题为：小米Redmi红米Note11TPro 5G手机天玑8100 144HzLCD旗舰直屏 67W充电 子夜黑 8+256G 官方标配【图片 价格 品牌 报价】-京东,原价为：2199.0, 最新价格为：2199.0
日志:时间：2022-08-02 17:07:14,标题为：小米Redmi红米Note11TPro 5G手机天玑8100 144HzLCD旗舰直屏 67W充电 子夜黑 8+256G 官方标配【图片 价格 品牌 报价】-京东,原价为：2199.0, 最新价格为：2199.0
时间：2022-08-02 21:29:34,标题为：小米Redmi红米Note11TPro 5G手机天玑8100 144HzLCD旗舰直屏 67W充电 子夜黑 8+256G 官方标配【图片 价格 品牌 报价】-京东,原价为：2199.0, 最新价格为：2199.0
时间：2022-08-02 21:29:43,标题为：小米Redmi红米Note11TPro 5G手机天玑8100 144HzLCD旗舰直屏 67W充电 子夜黑 8+256G 官方标配【图片 价格 品牌 报价】-京东,原价为：2199.0, 最新价格为：2199.0
时间：2022-08-02 21:29:50,标题为：小米Redmi红米Note11TPro 5G手机天玑8100 144HzLCD旗舰直屏 67W充电 子夜黑 8+256G 官方标配【图片 价格 品牌 报价】-京东,原价为：2199.0, 最新价格为：2199.0
时间：2022-08-02 21:29:55,标题为：小米Redmi红米Note11TPro 5G手机天玑8100 144HzLCD旗舰直屏 67W充电 子夜黑 8+256G 官方标配【图片 价格 品牌 报价】-京东,原价为：2199.0, 最新价格为：2199.0
时间：2022-08-02 21:30:06,标题为：小米Redmi红米Note11TPro 5G手机天玑8100 144HzLCD旗舰直屏 67W充电 子夜黑 8+256G 官方标配【图片 价格 品牌 报价】-京东,原价为：2199.0, 最新价格为：2199.0
时间：2022-08-02 21:30:11,标题为：小米Redmi红米Note11TPro 5G手机天玑8100 144HzLCD旗舰直屏 67W充电 子夜黑 8+256G 官方标配【图片 价格 品牌 报价】-京东,原价为：2199.0, 最新价格为：2199.0
时间：2022-08-02 21:30:17,标题为：小米Redmi红米Note11TPro 5G手机天玑8100 144HzLCD旗舰直屏 67W充电 子夜黑 8+256G 官方标配【图片 价格 品牌 报价】-京东,原价为：2199.0, 最新价格为：2199.0
2022-08-03 13:56:15,标题为：小米Redmi红米Note11TPro 5G手机天玑8100 144HzLCD旗舰直屏 67W充电 子夜黑 8+256G 官方标配【图片 价格 品牌 报价】-京东,原价为：2199.0, 最新价格为：2199.0
2022-08-03 13:56:20,标题为：小米Redmi红米Note11TPro 5G手机天玑8100 144HzLCD旗舰直屏 67W充电 子夜黑 8+256G 官方标配【图片 价格 品牌 报价】-京东,原价为：2199.0, 最新价格为：2199.0
2022-08-03 13:56:26,标题为：小米Redmi红米Note11TPro 5G手机天玑8100 144HzLCD旗舰直屏 67W充电 子夜黑 8+256G 官方标配【图片 价格 品牌 报价】-京东,原价为：2199.0, 最新价格为：2199.0
2022-08-03 13:56:32,标题为：小米Redmi红米Note11TPro 5G手机天玑8100 144HzLCD旗舰直屏 67W充电 子夜黑 8+256G 官方标配【图片 价格 品牌 报价】-京东,原价为：2199.0, 最新价格为：2199.0
